<?xml version="1.0" encoding="UTF-8"?>
<testng-results skipped="0" failed="0" ignored="0" total="2" passed="2">
  <reporter-output>
  </reporter-output>
  <suite name="Default suite" duration-ms="86975" started-at="2017-12-08T23:57:53Z" finished-at="2017-12-08T23:59:20Z">
    <groups>
    </groups>
    <test name="Default test" duration-ms="86975" started-at="2017-12-08T23:57:53Z" finished-at="2017-12-08T23:59:20Z">
      <class name="test.ImdbTest">
        <test-method status="PASS" signature="setUp()[pri:0, instance:test.ImdbTest@e25b2fe]" name="setUp" is-config="true" duration-ms="21084" started-at="2017-12-08T20:57:53Z" finished-at="2017-12-08T20:58:14Z">
          <reporter-output>
          </reporter-output>
        </test-method> <!-- setUp -->
        <test-method status="PASS" signature="createAccount()[pri:0, instance:test.ImdbTest@e25b2fe]" name="createAccount" duration-ms="16319" started-at="2017-12-08T20:58:14Z" finished-at="2017-12-08T20:58:31Z">
          <reporter-output>
          </reporter-output>
        </test-method> <!-- createAccount -->
        <test-method status="PASS" signature="findTopRatedMovies()[pri:0, instance:test.ImdbTest@e25b2fe]" name="findTopRatedMovies" duration-ms="47383" started-at="2017-12-08T20:58:31Z" finished-at="2017-12-08T20:59:18Z">
          <reporter-output>
          </reporter-output>
        </test-method> <!-- findTopRatedMovies -->
        <test-method status="PASS" signature="tearDown()[pri:0, instance:test.ImdbTest@e25b2fe]" name="tearDown" is-config="true" duration-ms="2114" started-at="2017-12-08T20:59:18Z" finished-at="2017-12-08T20:59:20Z">
          <reporter-output>
          </reporter-output>
        </test-method> <!-- tearDown -->
      </class> <!-- test.ImdbTest -->
    </test> <!-- Default test -->
  </suite> <!-- Default suite -->
</testng-results>
